2014-12-06 21:43:48 Error: [MissingControllerException] Controller class PagesController could not be found.
Exception Attributes: array (
  'class' => 'PagesController',
  'plugin' => NULL,
)
Request URL: /site/
Stack Trace:
#0 /home/synexis/Web/site/app/webroot/index.php(108): Dispatcher->dispatch(Object(CakeRequest), Object(CakeResponse))
#1 {main}
2014-12-06 21:45:01 Error: [MissingViewException] View file "/home/synexis/Web/site/app/View/App/index.ctp" is missing.
Exception Attributes: array (
  'file' => '/home/synexis/Web/site/app/View/App/index.ctp',
)
Request URL: /site/
Stack Trace:
#0 /home/synexis/Web/site/lib/Cake/View/View.php(470): View->_getViewFileName(NULL)
#1 /home/synexis/Web/site/lib/Cake/Controller/Controller.php(959): View->render(NULL, NULL)
#2 /home/synexis/Web/site/lib/Cake/Routing/Dispatcher.php(200): Controller->render()
#3 /home/synexis/Web/site/lib/Cake/Routing/Dispatcher.php(167): Dispatcher->_invoke(Object(AppController), Object(CakeRequest))
#4 /home/synexis/Web/site/app/webroot/index.php(108): Dispatcher->dispatch(Object(CakeRequest), Object(CakeResponse))
#5 {main}
2014-12-06 21:45:44 Error: [MissingViewException] View file "/home/synexis/Web/site/app/View/App/index.ctp" is missing.
Exception Attributes: array (
  'file' => '/home/synexis/Web/site/app/View/App/index.ctp',
)
Request URL: /site/
Stack Trace:
#0 /home/synexis/Web/site/lib/Cake/View/View.php(470): View->_getViewFileName(NULL)
#1 /home/synexis/Web/site/lib/Cake/Controller/Controller.php(959): View->render(NULL, NULL)
#2 /home/synexis/Web/site/lib/Cake/Routing/Dispatcher.php(200): Controller->render()
#3 /home/synexis/Web/site/lib/Cake/Routing/Dispatcher.php(167): Dispatcher->_invoke(Object(AppController), Object(CakeRequest))
#4 /home/synexis/Web/site/app/webroot/index.php(108): Dispatcher->dispatch(Object(CakeRequest), Object(CakeResponse))
#5 {main}
2014-12-06 21:48:35 Error: [MissingViewException] View file "/home/synexis/Web/site/app/View/App/index.ctp" is missing.
Exception Attributes: array (
  'file' => '/home/synexis/Web/site/app/View/App/index.ctp',
)
Request URL: /site/
Stack Trace:
#0 /home/synexis/Web/site/lib/Cake/View/View.php(470): View->_getViewFileName(NULL)
#1 /home/synexis/Web/site/lib/Cake/Controller/Controller.php(959): View->render(NULL, NULL)
#2 /home/synexis/Web/site/lib/Cake/Routing/Dispatcher.php(200): Controller->render()
#3 /home/synexis/Web/site/lib/Cake/Routing/Dispatcher.php(167): Dispatcher->_invoke(Object(AppController), Object(CakeRequest))
#4 /home/synexis/Web/site/app/webroot/index.php(108): Dispatcher->dispatch(Object(CakeRequest), Object(CakeResponse))
#5 {main}
2014-12-06 21:48:36 Error: Fatal Error (1): Function name must be a string in [/home/synexis/Web/site/app/View/Layouts/default.ctp, line 8]
2014-12-06 21:48:36 Error: [FatalErrorException] Function name must be a string
Request URL: /site/
Stack Trace:
#0 /home/synexis/Web/site/lib/Cake/Error/ErrorHandler.php(203): ErrorHandler::handleFatalError(1, 'Function name m...', '/home/synexis/W...', 8)
#1 [internal function]: ErrorHandler::handleError(1, 'Function name m...', '/home/synexis/W...', 8, Array)
#2 /home/synexis/Web/site/lib/Cake/Core/App.php(931): call_user_func('ErrorHandler::h...', 1, 'Function name m...', '/home/synexis/W...', 8, Array)
#3 /home/synexis/Web/site/lib/Cake/Core/App.php(904): App::_checkFatalError()
#4 [internal function]: App::shutdown()
#5 {main}
2014-12-06 21:49:28 Error: [MissingViewException] View file "/home/synexis/Web/site/app/View/App/index.ctp" is missing.
Exception Attributes: array (
  'file' => '/home/synexis/Web/site/app/View/App/index.ctp',
)
Request URL: /site/
Stack Trace:
#0 /home/synexis/Web/site/lib/Cake/View/View.php(470): View->_getViewFileName(NULL)
#1 /home/synexis/Web/site/lib/Cake/Controller/Controller.php(959): View->render(NULL, NULL)
#2 /home/synexis/Web/site/lib/Cake/Routing/Dispatcher.php(200): Controller->render()
#3 /home/synexis/Web/site/lib/Cake/Routing/Dispatcher.php(167): Dispatcher->_invoke(Object(AppController), Object(CakeRequest))
#4 /home/synexis/Web/site/app/webroot/index.php(108): Dispatcher->dispatch(Object(CakeRequest), Object(CakeResponse))
#5 {main}
2014-12-06 21:49:28 Error: Fatal Error (1): Function name must be a string in [/home/synexis/Web/site/app/View/Layouts/default.ctp, line 8]
2014-12-06 21:49:28 Error: [FatalErrorException] Function name must be a string
Request URL: /site/
Stack Trace:
#0 /home/synexis/Web/site/lib/Cake/Error/ErrorHandler.php(203): ErrorHandler::handleFatalError(1, 'Function name m...', '/home/synexis/W...', 8)
#1 [internal function]: ErrorHandler::handleError(1, 'Function name m...', '/home/synexis/W...', 8, Array)
#2 /home/synexis/Web/site/lib/Cake/Core/App.php(931): call_user_func('ErrorHandler::h...', 1, 'Function name m...', '/home/synexis/W...', 8, Array)
#3 /home/synexis/Web/site/lib/Cake/Core/App.php(904): App::_checkFatalError()
#4 [internal function]: App::shutdown()
#5 {main}
2014-12-06 21:49:56 Error: Fatal Error (1): Function name must be a string in [/home/synexis/Web/site/app/View/Layouts/default.ctp, line 8]
2014-12-06 21:49:56 Error: [FatalErrorException] Function name must be a string
Request URL: /site/
Stack Trace:
#0 /home/synexis/Web/site/lib/Cake/Error/ErrorHandler.php(203): ErrorHandler::handleFatalError(1, 'Function name m...', '/home/synexis/W...', 8)
#1 [internal function]: ErrorHandler::handleError(1, 'Function name m...', '/home/synexis/W...', 8, Array)
#2 /home/synexis/Web/site/lib/Cake/Core/App.php(931): call_user_func('ErrorHandler::h...', 1, 'Function name m...', '/home/synexis/W...', 8, Array)
#3 /home/synexis/Web/site/lib/Cake/Core/App.php(904): App::_checkFatalError()
#4 [internal function]: App::shutdown()
#5 {main}
2014-12-06 21:50:03 Error: Fatal Error (1): Function name must be a string in [/home/synexis/Web/site/app/View/Layouts/default.ctp, line 8]
2014-12-06 21:50:03 Error: [FatalErrorException] Function name must be a string
Request URL: /site/
Stack Trace:
#0 /home/synexis/Web/site/lib/Cake/Error/ErrorHandler.php(203): ErrorHandler::handleFatalError(1, 'Function name m...', '/home/synexis/W...', 8)
#1 [internal function]: ErrorHandler::handleError(1, 'Function name m...', '/home/synexis/W...', 8, Array)
#2 /home/synexis/Web/site/lib/Cake/Core/App.php(931): call_user_func('ErrorHandler::h...', 1, 'Function name m...', '/home/synexis/W...', 8, Array)
#3 /home/synexis/Web/site/lib/Cake/Core/App.php(904): App::_checkFatalError()
#4 [internal function]: App::shutdown()
#5 {main}
2014-12-06 23:03:13 Error: [MissingControllerException] Controller class FontsController could not be found.
Exception Attributes: array (
  'class' => 'FontsController',
  'plugin' => NULL,
)
Request URL: /fonts/julius.woff
Stack Trace:
#0 /var/www/app/webroot/index.php(108): Dispatcher->dispatch(Object(CakeRequest), Object(CakeResponse))
#1 {main}
2014-12-07 00:43:50 Error: [MissingControllerException] Controller class CurrentController could not be found.
Exception Attributes: array (
  'class' => 'CurrentController',
  'plugin' => NULL,
)
Request URL: /current
Stack Trace:
#0 /var/www/app/webroot/index.php(108): Dispatcher->dispatch(Object(CakeRequest), Object(CakeResponse))
#1 {main}
2014-12-07 00:59:08 Error: [MissingControllerException] Controller class CurrentController could not be found.
Exception Attributes: array (
  'class' => 'CurrentController',
  'plugin' => NULL,
)
Request URL: /current
Stack Trace:
#0 /var/www/app/webroot/index.php(108): Dispatcher->dispatch(Object(CakeRequest), Object(CakeResponse))
#1 {main}
2014-12-07 01:00:06 Error: [MissingControllerException] Controller class CurrentController could not be found.
Exception Attributes: array (
  'class' => 'CurrentController',
  'plugin' => NULL,
)
Request URL: /current
Stack Trace:
#0 /var/www/app/webroot/index.php(108): Dispatcher->dispatch(Object(CakeRequest), Object(CakeResponse))
#1 {main}
2014-12-07 01:00:45 Error: [MissingControllerException] Controller class CurrentController could not be found.
Exception Attributes: array (
  'class' => 'CurrentController',
  'plugin' => NULL,
)
Request URL: /current
Stack Trace:
#0 /var/www/app/webroot/index.php(108): Dispatcher->dispatch(Object(CakeRequest), Object(CakeResponse))
#1 {main}
2014-12-07 04:00:23 Error: [MissingControllerException] Controller class DataController could not be found.
Exception Attributes: array (
  'class' => 'DataController',
  'plugin' => NULL,
)
Request URL: /data
Stack Trace:
#0 /var/www/app/webroot/index.php(108): Dispatcher->dispatch(Object(CakeRequest), Object(CakeResponse))
#1 {main}
2014-12-07 04:02:12 Error: Fatal Error (1): Call to undefined function is_number() in [/var/www/app/Controller/AppController.php, line 37]
2014-12-07 04:02:12 Error: [FatalErrorException] Call to undefined function is_number()
Request URL: /app/data
Stack Trace:
#0 /var/www/lib/Cake/Error/ErrorHandler.php(203): ErrorHandler::handleFatalError(1, 'Call to undefin...', '/var/www/app/Co...', 37)
#1 [internal function]: ErrorHandler::handleError(1, 'Call to undefin...', '/var/www/app/Co...', 37, Array)
#2 /var/www/lib/Cake/Core/App.php(931): call_user_func('ErrorHandler::h...', 1, 'Call to undefin...', '/var/www/app/Co...', 37, Array)
#3 /var/www/lib/Cake/Core/App.php(904): App::_checkFatalError()
#4 [internal function]: App::shutdown()
#5 {main}
2014-12-07 04:02:20 Error: [MissingViewException] View file "/var/www/app/View/App/data.ctp" is missing.
Exception Attributes: array (
  'file' => '/var/www/app/View/App/data.ctp',
)
Request URL: /app/data
Stack Trace:
#0 /var/www/lib/Cake/View/View.php(470): View->_getViewFileName(NULL)
#1 /var/www/lib/Cake/Controller/Controller.php(959): View->render(NULL, NULL)
#2 /var/www/lib/Cake/Routing/Dispatcher.php(200): Controller->render()
#3 /var/www/lib/Cake/Routing/Dispatcher.php(167): Dispatcher->_invoke(Object(AppController), Object(CakeRequest))
#4 /var/www/app/webroot/index.php(108): Dispatcher->dispatch(Object(CakeRequest), Object(CakeResponse))
#5 {main}
2014-12-07 04:05:31 Error: [MissingControllerException] Controller class DataController could not be found.
Exception Attributes: array (
  'class' => 'DataController',
  'plugin' => NULL,
)
Request URL: /data
Stack Trace:
#0 /var/www/app/webroot/index.php(108): Dispatcher->dispatch(Object(CakeRequest), Object(CakeResponse))
#1 {main}
2014-12-07 04:09:56 Error: [MissingViewException] View file "/var/www/app/View/App/data.ctp" is missing.
Exception Attributes: array (
  'file' => '/var/www/app/View/App/data.ctp',
)
Request URL: /app/data
Stack Trace:
#0 /var/www/lib/Cake/View/View.php(470): View->_getViewFileName(NULL)
#1 /var/www/lib/Cake/Controller/Controller.php(959): View->render(NULL, NULL)
#2 /var/www/lib/Cake/Routing/Dispatcher.php(200): Controller->render()
#3 /var/www/lib/Cake/Routing/Dispatcher.php(167): Dispatcher->_invoke(Object(AppController), Object(CakeRequest))
#4 /var/www/app/webroot/index.php(108): Dispatcher->dispatch(Object(CakeRequest), Object(CakeResponse))
#5 {main}
2014-12-07 04:10:18 Error: Fatal Error (4): syntax error, unexpected '!==' (T_IS_NOT_IDENTICAL) in [/var/www/app/Controller/AppController.php, line 46]
2014-12-07 04:10:18 Error: [FatalErrorException] syntax error, unexpected '!==' (T_IS_NOT_IDENTICAL)
Request URL: /app/data
Stack Trace:
#0 /var/www/lib/Cake/Error/ErrorHandler.php(203): ErrorHandler::handleFatalError(4, 'syntax error, u...', '/var/www/app/Co...', 46)
#1 [internal function]: ErrorHandler::handleError(4, 'syntax error, u...', '/var/www/app/Co...', 46, Array)
#2 /var/www/lib/Cake/Core/App.php(931): call_user_func('ErrorHandler::h...', 4, 'syntax error, u...', '/var/www/app/Co...', 46, Array)
#3 /var/www/lib/Cake/Core/App.php(904): App::_checkFatalError()
#4 [internal function]: App::shutdown()
#5 {main}
2014-12-07 04:10:26 Error: [MissingViewException] View file "/var/www/app/View/App/data.ctp" is missing.
Exception Attributes: array (
  'file' => '/var/www/app/View/App/data.ctp',
)
Request URL: /app/data
Stack Trace:
#0 /var/www/lib/Cake/View/View.php(470): View->_getViewFileName(NULL)
#1 /var/www/lib/Cake/Controller/Controller.php(959): View->render(NULL, NULL)
#2 /var/www/lib/Cake/Routing/Dispatcher.php(200): Controller->render()
#3 /var/www/lib/Cake/Routing/Dispatcher.php(167): Dispatcher->_invoke(Object(AppController), Object(CakeRequest))
#4 /var/www/app/webroot/index.php(108): Dispatcher->dispatch(Object(CakeRequest), Object(CakeResponse))
#5 {main}
2014-12-07 04:24:04 Error: [MissingViewException] View file "/var/www/app/View/App/data.ctp" is missing.
Exception Attributes: array (
  'file' => '/var/www/app/View/App/data.ctp',
)
Request URL: /app/data
Stack Trace:
#0 /var/www/lib/Cake/View/View.php(470): View->_getViewFileName(NULL)
#1 /var/www/lib/Cake/Controller/Controller.php(959): View->render(NULL, NULL)
#2 /var/www/lib/Cake/Routing/Dispatcher.php(200): Controller->render()
#3 /var/www/lib/Cake/Routing/Dispatcher.php(167): Dispatcher->_invoke(Object(AppController), Object(CakeRequest))
#4 /var/www/app/webroot/index.php(108): Dispatcher->dispatch(Object(CakeRequest), Object(CakeResponse))
#5 {main}
2014-12-07 04:24:20 Error: [MissingViewException] View file "/var/www/app/View/App/data.ctp" is missing.
Exception Attributes: array (
  'file' => '/var/www/app/View/App/data.ctp',
)
Request URL: /app/data
Stack Trace:
#0 /var/www/lib/Cake/View/View.php(470): View->_getViewFileName(NULL)
#1 /var/www/lib/Cake/Controller/Controller.php(959): View->render(NULL, NULL)
#2 /var/www/lib/Cake/Routing/Dispatcher.php(200): Controller->render()
#3 /var/www/lib/Cake/Routing/Dispatcher.php(167): Dispatcher->_invoke(Object(AppController), Object(CakeRequest))
#4 /var/www/app/webroot/index.php(108): Dispatcher->dispatch(Object(CakeRequest), Object(CakeResponse))
#5 {main}
2014-12-07 04:47:20 Error: Fatal Error (4): syntax error, unexpected 'var_dump' (T_STRING), expecting function (T_FUNCTION) in [/var/www/app/Controller/AppController.php, line 44]
2014-12-07 04:47:20 Error: [FatalErrorException] syntax error, unexpected 'var_dump' (T_STRING), expecting function (T_FUNCTION)
Request URL: /app/data
Stack Trace:
#0 /var/www/lib/Cake/Error/ErrorHandler.php(203): ErrorHandler::handleFatalError(4, 'syntax error, u...', '/var/www/app/Co...', 44)
#1 [internal function]: ErrorHandler::handleError(4, 'syntax error, u...', '/var/www/app/Co...', 44, Array)
#2 /var/www/lib/Cake/Core/App.php(931): call_user_func('ErrorHandler::h...', 4, 'syntax error, u...', '/var/www/app/Co...', 44, Array)
#3 /var/www/lib/Cake/Core/App.php(904): App::_checkFatalError()
#4 [internal function]: App::shutdown()
#5 {main}
2014-12-07 04:47:47 Error: [MissingViewException] View file "/var/www/app/View/App/data.ctp" is missing.
Exception Attributes: array (
  'file' => '/var/www/app/View/App/data.ctp',
)
Request URL: /app/data
Stack Trace:
#0 /var/www/lib/Cake/View/View.php(470): View->_getViewFileName(NULL)
#1 /var/www/lib/Cake/Controller/Controller.php(959): View->render(NULL, NULL)
#2 /var/www/lib/Cake/Routing/Dispatcher.php(200): Controller->render()
#3 /var/www/lib/Cake/Routing/Dispatcher.php(167): Dispatcher->_invoke(Object(AppController), Object(CakeRequest))
#4 /var/www/app/webroot/index.php(108): Dispatcher->dispatch(Object(CakeRequest), Object(CakeResponse))
#5 {main}
2014-12-07 04:48:01 Error: [MissingViewException] View file "/var/www/app/View/App/data.ctp" is missing.
Exception Attributes: array (
  'file' => '/var/www/app/View/App/data.ctp',
)
Request URL: /app/data
Stack Trace:
#0 /var/www/lib/Cake/View/View.php(470): View->_getViewFileName(NULL)
#1 /var/www/lib/Cake/Controller/Controller.php(959): View->render(NULL, NULL)
#2 /var/www/lib/Cake/Routing/Dispatcher.php(200): Controller->render()
#3 /var/www/lib/Cake/Routing/Dispatcher.php(167): Dispatcher->_invoke(Object(AppController), Object(CakeRequest))
#4 /var/www/app/webroot/index.php(108): Dispatcher->dispatch(Object(CakeRequest), Object(CakeResponse))
#5 {main}
2014-12-07 04:48:02 Error: [MissingViewException] View file "/var/www/app/View/App/data.ctp" is missing.
Exception Attributes: array (
  'file' => '/var/www/app/View/App/data.ctp',
)
Request URL: /app/data
Stack Trace:
#0 /var/www/lib/Cake/View/View.php(470): View->_getViewFileName(NULL)
#1 /var/www/lib/Cake/Controller/Controller.php(959): View->render(NULL, NULL)
#2 /var/www/lib/Cake/Routing/Dispatcher.php(200): Controller->render()
#3 /var/www/lib/Cake/Routing/Dispatcher.php(167): Dispatcher->_invoke(Object(AppController), Object(CakeRequest))
#4 /var/www/app/webroot/index.php(108): Dispatcher->dispatch(Object(CakeRequest), Object(CakeResponse))
#5 {main}
2014-12-07 04:48:05 Error: [MissingViewException] View file "/var/www/app/View/App/data.ctp" is missing.
Exception Attributes: array (
  'file' => '/var/www/app/View/App/data.ctp',
)
Request URL: /app/data
Stack Trace:
#0 /var/www/lib/Cake/View/View.php(470): View->_getViewFileName(NULL)
#1 /var/www/lib/Cake/Controller/Controller.php(959): View->render(NULL, NULL)
#2 /var/www/lib/Cake/Routing/Dispatcher.php(200): Controller->render()
#3 /var/www/lib/Cake/Routing/Dispatcher.php(167): Dispatcher->_invoke(Object(AppController), Object(CakeRequest))
#4 /var/www/app/webroot/index.php(108): Dispatcher->dispatch(Object(CakeRequest), Object(CakeResponse))
#5 {main}
2014-12-07 04:48:14 Error: [MissingViewException] View file "/var/www/app/View/App/data.ctp" is missing.
Exception Attributes: array (
  'file' => '/var/www/app/View/App/data.ctp',
)
Request URL: /app/data
Stack Trace:
#0 /var/www/lib/Cake/View/View.php(470): View->_getViewFileName(NULL)
#1 /var/www/lib/Cake/Controller/Controller.php(959): View->render(NULL, NULL)
#2 /var/www/lib/Cake/Routing/Dispatcher.php(200): Controller->render()
#3 /var/www/lib/Cake/Routing/Dispatcher.php(167): Dispatcher->_invoke(Object(AppController), Object(CakeRequest))
#4 /var/www/app/webroot/index.php(108): Dispatcher->dispatch(Object(CakeRequest), Object(CakeResponse))
#5 {main}
2014-12-07 04:50:49 Error: Fatal Error (1): Call to a member function update() on a non-object in [/var/www/app/Controller/AppController.php, line 35]
2014-12-07 04:50:49 Error: [FatalErrorException] Call to a member function update() on a non-object
Request URL: /app/updateAnnualMeanTemps
Stack Trace:
#0 /var/www/lib/Cake/Error/ErrorHandler.php(203): ErrorHandler::handleFatalError(1, 'Call to a membe...', '/var/www/app/Co...', 35)
#1 [internal function]: ErrorHandler::handleError(1, 'Call to a membe...', '/var/www/app/Co...', 35, Array)
#2 /var/www/lib/Cake/Core/App.php(931): call_user_func('ErrorHandler::h...', 1, 'Call to a membe...', '/var/www/app/Co...', 35, Array)
#3 /var/www/lib/Cake/Core/App.php(904): App::_checkFatalError()
#4 [internal function]: App::shutdown()
#5 {main}
2014-12-07 04:50:59 Error: Fatal Error (64): Cannot redeclare class AnnualMeanTempModel in [/var/www/app/Model/AnnualMeanTemp.php, line 0]
2014-12-07 04:50:59 Error: [FatalErrorException] Cannot redeclare class AnnualMeanTempModel
Request URL: /app/updateAnnualMeanTemps
Stack Trace:
#0 /var/www/lib/Cake/Error/ErrorHandler.php(203): ErrorHandler::handleFatalError(64, 'Cannot redeclar...', '/var/www/app/Mo...', 0)
#1 [internal function]: ErrorHandler::handleError(64, 'Cannot redeclar...', '/var/www/app/Mo...', 0, Array)
#2 /var/www/lib/Cake/Core/App.php(931): call_user_func('ErrorHandler::h...', 64, 'Cannot redeclar...', '/var/www/app/Mo...', 0, Array)
#3 /var/www/lib/Cake/Core/App.php(904): App::_checkFatalError()
#4 [internal function]: App::shutdown()
#5 {main}
2014-12-07 04:51:35 Error: Fatal Error (64): Cannot redeclare class AnnualMeanTempModel in [/var/www/app/Model/AnnualMeanTemp.php, line 0]
2014-12-07 04:51:35 Error: [FatalErrorException] Cannot redeclare class AnnualMeanTempModel
Request URL: /app/updateAnnualMeanTemps
Stack Trace:
#0 /var/www/lib/Cake/Error/ErrorHandler.php(203): ErrorHandler::handleFatalError(64, 'Cannot redeclar...', '/var/www/app/Mo...', 0)
#1 [internal function]: ErrorHandler::handleError(64, 'Cannot redeclar...', '/var/www/app/Mo...', 0, Array)
#2 /var/www/lib/Cake/Core/App.php(931): call_user_func('ErrorHandler::h...', 64, 'Cannot redeclar...', '/var/www/app/Mo...', 0, Array)
#3 /var/www/lib/Cake/Core/App.php(904): App::_checkFatalError()
#4 [internal function]: App::shutdown()
#5 {main}
2014-12-07 04:52:21 Error: [InternalErrorException] Internal Server Error
Request URL: /app/updateAnnualMeanTemps
Stack Trace:
#0 [internal function]: AppController->updateAnnualMeanTemps()
#1 /var/www/lib/Cake/Controller/Controller.php(490): ReflectionMethod->invokeArgs(Object(AppController), Array)
#2 /var/www/lib/Cake/Routing/Dispatcher.php(193): Controller->invokeAction(Object(CakeRequest))
#3 /var/www/lib/Cake/Routing/Dispatcher.php(167): Dispatcher->_invoke(Object(AppController), Object(CakeRequest))
#4 /var/www/app/webroot/index.php(108): Dispatcher->dispatch(Object(CakeRequest), Object(CakeResponse))
#5 {main}
2014-12-07 04:52:52 Error: [InternalErrorException] Unable to update annual mean temperature data
Request URL: /app/updateAnnualMeanTemps
Stack Trace:
#0 [internal function]: AppController->updateAnnualMeanTemps()
#1 /var/www/lib/Cake/Controller/Controller.php(490): ReflectionMethod->invokeArgs(Object(AppController), Array)
#2 /var/www/lib/Cake/Routing/Dispatcher.php(193): Controller->invokeAction(Object(CakeRequest))
#3 /var/www/lib/Cake/Routing/Dispatcher.php(167): Dispatcher->_invoke(Object(AppController), Object(CakeRequest))
#4 /var/www/app/webroot/index.php(108): Dispatcher->dispatch(Object(CakeRequest), Object(CakeResponse))
#5 {main}
2014-12-07 04:55:27 Error: Fatal Error (4): syntax error, unexpected ')' in [/var/www/app/Model/AnnualMeanTemp.php, line 23]
2014-12-07 04:55:27 Error: [FatalErrorException] syntax error, unexpected ')'
Request URL: /app/updateAnnualMeanTemps
Stack Trace:
#0 /var/www/lib/Cake/Error/ErrorHandler.php(203): ErrorHandler::handleFatalError(4, 'syntax error, u...', '/var/www/app/Mo...', 23)
#1 [internal function]: ErrorHandler::handleError(4, 'syntax error, u...', '/var/www/app/Mo...', 23, Array)
#2 /var/www/lib/Cake/Core/App.php(931): call_user_func('ErrorHandler::h...', 4, 'syntax error, u...', '/var/www/app/Mo...', 23, Array)
#3 /var/www/lib/Cake/Core/App.php(904): App::_checkFatalError()
#4 [internal function]: App::shutdown()
#5 {main}
2014-12-07 05:04:20 Error: Fatal Error (4): syntax error, unexpected ';', expecting ')' in [/var/www/app/Model/AnnualMeanTemp.php, line 33]
2014-12-07 05:04:20 Error: [FatalErrorException] syntax error, unexpected ';', expecting ')'
Request URL: /app/updateAnnualMeanTemps
Stack Trace:
#0 /var/www/lib/Cake/Error/ErrorHandler.php(203): ErrorHandler::handleFatalError(4, 'syntax error, u...', '/var/www/app/Mo...', 33)
#1 [internal function]: ErrorHandler::handleError(4, 'syntax error, u...', '/var/www/app/Mo...', 33, Array)
#2 /var/www/lib/Cake/Core/App.php(931): call_user_func('ErrorHandler::h...', 4, 'syntax error, u...', '/var/www/app/Mo...', 33, Array)
#3 /var/www/lib/Cake/Core/App.php(904): App::_checkFatalError()
#4 [internal function]: App::shutdown()
#5 {main}
2014-12-07 05:10:21 Error: Fatal Error (1): Call to a member function query() on a non-object in [/var/www/app/Model/AnnualMeanTemp.php, line 23]
2014-12-07 05:10:21 Error: [FatalErrorException] Call to a member function query() on a non-object
Request URL: /app/updateAnnualMeanTemps
Stack Trace:
#0 /var/www/lib/Cake/Error/ErrorHandler.php(203): ErrorHandler::handleFatalError(1, 'Call to a membe...', '/var/www/app/Mo...', 23)
#1 [internal function]: ErrorHandler::handleError(1, 'Call to a membe...', '/var/www/app/Mo...', 23, Array)
#2 /var/www/lib/Cake/Core/App.php(931): call_user_func('ErrorHandler::h...', 1, 'Call to a membe...', '/var/www/app/Mo...', 23, Array)
#3 /var/www/lib/Cake/Core/App.php(904): App::_checkFatalError()
#4 [internal function]: App::shutdown()
#5 {main}
2014-12-07 05:19:12 Error: Fatal Error (4): syntax error, unexpected '}', expecting identifier (T_STRING) in [/var/www/app/Model/AnnualMeanTemp.php, line 36]
2014-12-07 05:19:12 Error: [FatalErrorException] syntax error, unexpected '}', expecting identifier (T_STRING)
Request URL: /app/updateAnnualMeanTemps
Stack Trace:
#0 /var/www/lib/Cake/Error/ErrorHandler.php(203): ErrorHandler::handleFatalError(4, 'syntax error, u...', '/var/www/app/Mo...', 36)
#1 [internal function]: ErrorHandler::handleError(4, 'syntax error, u...', '/var/www/app/Mo...', 36, Array)
#2 /var/www/lib/Cake/Core/App.php(931): call_user_func('ErrorHandler::h...', 4, 'syntax error, u...', '/var/www/app/Mo...', 36, Array)
#3 /var/www/lib/Cake/Core/App.php(904): App::_checkFatalError()
#4 [internal function]: App::shutdown()
#5 {main}
2014-12-07 05:25:04 Error: Fatal Error (1): Call to a member function tenYearTrend() on a non-object in [/var/www/app/Controller/AppController.php, line 45]
2014-12-07 05:25:04 Error: [FatalErrorException] Call to a member function tenYearTrend() on a non-object
Request URL: /app/tenYearTrend
Stack Trace:
#0 /var/www/lib/Cake/Error/ErrorHandler.php(203): ErrorHandler::handleFatalError(1, 'Call to a membe...', '/var/www/app/Co...', 45)
#1 [internal function]: ErrorHandler::handleError(1, 'Call to a membe...', '/var/www/app/Co...', 45, Array)
#2 /var/www/lib/Cake/Core/App.php(931): call_user_func('ErrorHandler::h...', 1, 'Call to a membe...', '/var/www/app/Co...', 45, Array)
#3 /var/www/lib/Cake/Core/App.php(904): App::_checkFatalError()
#4 [internal function]: App::shutdown()
#5 {main}
2014-12-07 05:34:17 Error: [PDOException] SQLSTATE[42000]: Syntax error or access violation: 1064 You have an error in your SQL syntax; check the manual that corresponds to your MySQL server version for the right syntax to use near 'tenYearTrend' at line 1
Request URL: /app/tenYearTrend
Stack Trace:
#0 /var/www/lib/Cake/Model/Datasource/DboSource.php(458): PDOStatement->execute(Array)
#1 /var/www/lib/Cake/Model/Datasource/DboSource.php(424): DboSource->_execute('tenYearTrend', Array)
#2 /var/www/lib/Cake/Model/Datasource/DboSource.php(666): DboSource->execute('tenYearTrend', Array, Array)
#3 /var/www/lib/Cake/Model/Datasource/DboSource.php(609): DboSource->fetchAll('tenYearTrend', Array, Array)
#4 /var/www/lib/Cake/Model/Model.php(808): DboSource->query('tenYearTrend', Array, Object(AnnualMeanTemp))
#5 /var/www/app/Controller/AppController.php(45): Model->__call('tenYearTrend', Array)
#6 /var/www/app/Controller/AppController.php(45): AnnualMeanTemp->tenYearTrend()
#7 [internal function]: AppController->tenYearTrend()
#8 /var/www/lib/Cake/Controller/Controller.php(490): ReflectionMethod->invokeArgs(Object(AppController), Array)
#9 /var/www/lib/Cake/Routing/Dispatcher.php(193): Controller->invokeAction(Object(CakeRequest))
#10 /var/www/lib/Cake/Routing/Dispatcher.php(167): Dispatcher->_invoke(Object(AppController), Object(CakeRequest))
#11 /var/www/app/webroot/index.php(108): Dispatcher->dispatch(Object(CakeRequest), Object(CakeResponse))
#12 {main}
2014-12-07 05:57:42 Error: [MissingActionException] Action AppController::tenYearTrend() could not be found.
Exception Attributes: array (
  'controller' => 'AppController',
  'action' => 'tenYearTrend',
)
Request URL: /app/tenYearTrend
Stack Trace:
#0 /var/www/lib/Cake/Routing/Dispatcher.php(193): Controller->invokeAction(Object(CakeRequest))
#1 /var/www/lib/Cake/Routing/Dispatcher.php(167): Dispatcher->_invoke(Object(AppController), Object(CakeRequest))
#2 /var/www/app/webroot/index.php(108): Dispatcher->dispatch(Object(CakeRequest), Object(CakeResponse))
#3 {main}
2014-12-07 05:58:22 Error: [MissingViewException] View file "/var/www/app/View/App/t.ctp" is missing.
Exception Attributes: array (
  'file' => '/var/www/app/View/App/t.ctp',
)
Request URL: /app/t
Stack Trace:
#0 /var/www/lib/Cake/View/View.php(470): View->_getViewFileName(NULL)
#1 /var/www/lib/Cake/Controller/Controller.php(959): View->render(NULL, NULL)
#2 /var/www/lib/Cake/Routing/Dispatcher.php(200): Controller->render()
#3 /var/www/lib/Cake/Routing/Dispatcher.php(167): Dispatcher->_invoke(Object(AppController), Object(CakeRequest))
#4 /var/www/app/webroot/index.php(108): Dispatcher->dispatch(Object(CakeRequest), Object(CakeResponse))
#5 {main}
2014-12-07 06:09:01 Error: Fatal Error (4): syntax error, unexpected 'var_dump' (T_STRING) in [/var/www/app/Model/AnnualMeanTemp.php, line 74]
2014-12-07 06:09:01 Error: [FatalErrorException] syntax error, unexpected 'var_dump' (T_STRING)
Request URL: /app/t
Stack Trace:
#0 /var/www/lib/Cake/Error/ErrorHandler.php(203): ErrorHandler::handleFatalError(4, 'syntax error, u...', '/var/www/app/Mo...', 74)
#1 [internal function]: ErrorHandler::handleError(4, 'syntax error, u...', '/var/www/app/Mo...', 74, Array)
#2 /var/www/lib/Cake/Core/App.php(931): call_user_func('ErrorHandler::h...', 4, 'syntax error, u...', '/var/www/app/Mo...', 74, Array)
#3 /var/www/lib/Cake/Core/App.php(904): App::_checkFatalError()
#4 [internal function]: App::shutdown()
#5 {main}
2014-12-07 06:09:05 Error: Fatal Error (4): syntax error, unexpected ';' in [/var/www/app/Model/AnnualMeanTemp.php, line 73]
2014-12-07 06:09:05 Error: [FatalErrorException] syntax error, unexpected ';'
Request URL: /app/t
Stack Trace:
#0 /var/www/lib/Cake/Error/ErrorHandler.php(203): ErrorHandler::handleFatalError(4, 'syntax error, u...', '/var/www/app/Mo...', 73)
#1 [internal function]: ErrorHandler::handleError(4, 'syntax error, u...', '/var/www/app/Mo...', 73, Array)
#2 /var/www/lib/Cake/Core/App.php(931): call_user_func('ErrorHandler::h...', 4, 'syntax error, u...', '/var/www/app/Mo...', 73, Array)
#3 /var/www/lib/Cake/Core/App.php(904): App::_checkFatalError()
#4 [internal function]: App::shutdown()
#5 {main}
2014-12-07 06:20:10 Error: Fatal Error (1): Maximum execution time of 30 seconds exceeded in [/var/www/lib/Cake/Model/Datasource/Database/Mysql.php, line 276]
2014-12-07 06:20:10 Error: [FatalErrorException] Maximum execution time of 30 seconds exceeded
Request URL: /app/t
Stack Trace:
#0 /var/www/lib/Cake/Error/ErrorHandler.php(203): ErrorHandler::handleFatalError(1, 'Maximum executi...', '/var/www/lib/Ca...', 276)
#1 [internal function]: ErrorHandler::handleError(1, 'Maximum executi...', '/var/www/lib/Ca...', 276, Array)
#2 /var/www/lib/Cake/Core/App.php(931): call_user_func('ErrorHandler::h...', 1, 'Maximum executi...', '/var/www/lib/Ca...', 276, Array)
#3 /var/www/lib/Cake/Core/App.php(904): App::_checkFatalError()
#4 [internal function]: App::shutdown()
#5 {main}
2014-12-07 06:29:01 Error: Fatal Error (64): Can't use function return value in write context in [/var/www/app/Controller/AppController.php, line 73]
2014-12-07 06:29:01 Error: [FatalErrorException] Can't use function return value in write context
Request URL: /app/t
Stack Trace:
#0 /var/www/lib/Cake/Error/ErrorHandler.php(203): ErrorHandler::handleFatalError(64, 'Can't use funct...', '/var/www/app/Co...', 73)
#1 [internal function]: ErrorHandler::handleError(64, 'Can't use funct...', '/var/www/app/Co...', 73, Array)
#2 /var/www/lib/Cake/Core/App.php(931): call_user_func('ErrorHandler::h...', 64, 'Can't use funct...', '/var/www/app/Co...', 73, Array)
#3 /var/www/lib/Cake/Core/App.php(904): App::_checkFatalError()
#4 [internal function]: App::shutdown()
#5 {main}
2014-12-07 06:29:56 Error: Fatal Error (1): Maximum execution time of 30 seconds exceeded in [/var/www/lib/Cake/Model/Model.php, line 0]
2014-12-07 06:29:56 Error: [FatalErrorException] Maximum execution time of 30 seconds exceeded
Request URL: /app/t
Stack Trace:
#0 /var/www/lib/Cake/Error/ErrorHandler.php(203): ErrorHandler::handleFatalError(1, 'Maximum executi...', '/var/www/lib/Ca...', 0)
#1 [internal function]: ErrorHandler::handleError(1, 'Maximum executi...', '/var/www/lib/Ca...', 0, Array)
#2 /var/www/lib/Cake/Core/App.php(931): call_user_func('ErrorHandler::h...', 1, 'Maximum executi...', '/var/www/lib/Ca...', 0, Array)
#3 /var/www/lib/Cake/Core/App.php(904): App::_checkFatalError()
#4 [internal function]: App::shutdown()
#5 {main}
2014-12-07 06:44:03 Error: [MissingViewException] View file "/var/www/app/View/App/t.ctp" is missing.
Exception Attributes: array (
  'file' => '/var/www/app/View/App/t.ctp',
)
Request URL: /app/t
Stack Trace:
#0 /var/www/lib/Cake/View/View.php(470): View->_getViewFileName(NULL)
#1 /var/www/lib/Cake/Controller/Controller.php(959): View->render(NULL, NULL)
#2 /var/www/lib/Cake/Routing/Dispatcher.php(200): Controller->render()
#3 /var/www/lib/Cake/Routing/Dispatcher.php(167): Dispatcher->_invoke(Object(AppController), Object(CakeRequest))
#4 /var/www/app/webroot/index.php(108): Dispatcher->dispatch(Object(CakeRequest), Object(CakeResponse))
#5 {main}
2014-12-07 06:58:37 Error: [MissingViewException] View file "/var/www/app/View/App/t.ctp" is missing.
Exception Attributes: array (
  'file' => '/var/www/app/View/App/t.ctp',
)
Request URL: /app/t
Stack Trace:
#0 /var/www/lib/Cake/View/View.php(470): View->_getViewFileName(NULL)
#1 /var/www/lib/Cake/Controller/Controller.php(959): View->render(NULL, NULL)
#2 /var/www/lib/Cake/Routing/Dispatcher.php(200): Controller->render()
#3 /var/www/lib/Cake/Routing/Dispatcher.php(167): Dispatcher->_invoke(Object(AppController), Object(CakeRequest))
#4 /var/www/app/webroot/index.php(108): Dispatcher->dispatch(Object(CakeRequest), Object(CakeResponse))
#5 {main}
2014-12-07 07:03:40 Error: [MissingViewException] View file "/var/www/app/View/App/t.ctp" is missing.
Exception Attributes: array (
  'file' => '/var/www/app/View/App/t.ctp',
)
Request URL: /app/t
Stack Trace:
#0 /var/www/lib/Cake/View/View.php(470): View->_getViewFileName(NULL)
#1 /var/www/lib/Cake/Controller/Controller.php(959): View->render(NULL, NULL)
#2 /var/www/lib/Cake/Routing/Dispatcher.php(200): Controller->render()
#3 /var/www/lib/Cake/Routing/Dispatcher.php(167): Dispatcher->_invoke(Object(AppController), Object(CakeRequest))
#4 /var/www/app/webroot/index.php(108): Dispatcher->dispatch(Object(CakeRequest), Object(CakeResponse))
#5 {main}
2014-12-07 07:05:45 Error: [MissingViewException] View file "/var/www/app/View/App/t.ctp" is missing.
Exception Attributes: array (
  'file' => '/var/www/app/View/App/t.ctp',
)
Request URL: /app/t
Stack Trace:
#0 /var/www/lib/Cake/View/View.php(470): View->_getViewFileName(NULL)
#1 /var/www/lib/Cake/Controller/Controller.php(959): View->render(NULL, NULL)
#2 /var/www/lib/Cake/Routing/Dispatcher.php(200): Controller->render()
#3 /var/www/lib/Cake/Routing/Dispatcher.php(167): Dispatcher->_invoke(Object(AppController), Object(CakeRequest))
#4 /var/www/app/webroot/index.php(108): Dispatcher->dispatch(Object(CakeRequest), Object(CakeResponse))
#5 {main}
2014-12-07 07:25:42 Error: [MissingControllerException] Controller class CurrentController could not be found.
Exception Attributes: array (
  'class' => 'CurrentController',
  'plugin' => NULL,
)
Request URL: /current
Stack Trace:
#0 /var/www/app/webroot/index.php(108): Dispatcher->dispatch(Object(CakeRequest), Object(CakeResponse))
#1 {main}
2014-12-07 08:10:38 Error: [MissingControllerException] Controller class ImgController could not be found.
Exception Attributes: array (
  'class' => 'ImgController',
  'plugin' => NULL,
)
Request URL: /img/earth
Stack Trace:
#0 /var/www/app/webroot/index.php(108): Dispatcher->dispatch(Object(CakeRequest), Object(CakeResponse))
#1 {main}
2014-12-07 08:11:15 Error: [MissingControllerException] Controller class ImgController could not be found.
Exception Attributes: array (
  'class' => 'ImgController',
  'plugin' => NULL,
)
Request URL: /img/earth.jpg
Stack Trace:
#0 /var/www/app/webroot/index.php(108): Dispatcher->dispatch(Object(CakeRequest), Object(CakeResponse))
#1 {main}
2014-12-07 08:12:36 Error: [MissingControllerException] Controller class ImgController could not be found.
Exception Attributes: array (
  'class' => 'ImgController',
  'plugin' => NULL,
)
Request URL: /img/earth.jpg
Stack Trace:
#0 /var/www/app/webroot/index.php(108): Dispatcher->dispatch(Object(CakeRequest), Object(CakeResponse))
#1 {main}
2014-12-07 08:12:50 Error: [MissingControllerException] Controller class ImgController could not be found.
Exception Attributes: array (
  'class' => 'ImgController',
  'plugin' => NULL,
)
Request URL: /img/earth.jpg
Stack Trace:
#0 /var/www/app/webroot/index.php(108): Dispatcher->dispatch(Object(CakeRequest), Object(CakeResponse))
#1 {main}
2014-12-07 18:50:25 Error: Fatal Error (4): syntax error, unexpected ')' in [/var/www/app/Controller/AppController.php, line 48]
2014-12-07 18:50:25 Error: [FatalErrorException] syntax error, unexpected ')'
Request URL: /
Stack Trace:
#0 /var/www/lib/Cake/Error/ErrorHandler.php(203): ErrorHandler::handleFatalError(4, 'syntax error, u...', '/var/www/app/Co...', 48)
#1 [internal function]: ErrorHandler::handleError(4, 'syntax error, u...', '/var/www/app/Co...', 48, Array)
#2 /var/www/lib/Cake/Core/App.php(931): call_user_func('ErrorHandler::h...', 4, 'syntax error, u...', '/var/www/app/Co...', 48, Array)
#3 /var/www/lib/Cake/Core/App.php(904): App::_checkFatalError()
#4 [internal function]: App::shutdown()
#5 {main}
2014-12-07 18:50:44 Error: [MissingActionException] Action AppController::update() could not be found.
Exception Attributes: array (
  'controller' => 'AppController',
  'action' => 'update',
)
Request URL: /app/update/temperature
Stack Trace:
#0 /var/www/lib/Cake/Routing/Dispatcher.php(193): Controller->invokeAction(Object(CakeRequest))
#1 /var/www/lib/Cake/Routing/Dispatcher.php(167): Dispatcher->_invoke(Object(AppController), Object(CakeRequest))
#2 /var/www/app/webroot/index.php(108): Dispatcher->dispatch(Object(CakeRequest), Object(CakeResponse))
#3 {main}
2014-12-07 18:50:52 Error: [MissingActionException] Action AppController::updateModel() could not be found.
Exception Attributes: array (
  'controller' => 'AppController',
  'action' => 'updateModel',
)
Request URL: /app/updateModel/temperature
Stack Trace:
#0 /var/www/lib/Cake/Routing/Dispatcher.php(193): Controller->invokeAction(Object(CakeRequest))
#1 /var/www/lib/Cake/Routing/Dispatcher.php(167): Dispatcher->_invoke(Object(AppController), Object(CakeRequest))
#2 /var/www/app/webroot/index.php(108): Dispatcher->dispatch(Object(CakeRequest), Object(CakeResponse))
#3 {main}
2014-12-07 18:50:58 Error: [MissingActionException] Action AppController::update_data() could not be found.
Exception Attributes: array (
  'controller' => 'AppController',
  'action' => 'update_data',
)
Request URL: /app/update_data/temperature
Stack Trace:
#0 /var/www/lib/Cake/Routing/Dispatcher.php(193): Controller->invokeAction(Object(CakeRequest))
#1 /var/www/lib/Cake/Routing/Dispatcher.php(167): Dispatcher->_invoke(Object(AppController), Object(CakeRequest))
#2 /var/www/app/webroot/index.php(108): Dispatcher->dispatch(Object(CakeRequest), Object(CakeResponse))
#3 {main}
2014-12-07 18:53:17 Error: [PDOException] SQLSTATE[42000]: Syntax error or access violation: 1064 You have an error in your SQL syntax; check the manual that corresponds to your MySQL server version for the right syntax to use near 'latest' at line 1
Request URL: /
Stack Trace:
#0 /var/www/lib/Cake/Model/Datasource/DboSource.php(458): PDOStatement->execute(Array)
#1 /var/www/lib/Cake/Model/Datasource/DboSource.php(424): DboSource->_execute('latest', Array)
#2 /var/www/lib/Cake/Model/Datasource/DboSource.php(666): DboSource->execute('latest', Array, Array)
#3 /var/www/lib/Cake/Model/Datasource/DboSource.php(609): DboSource->fetchAll('latest', Array, Array)
#4 /var/www/lib/Cake/Model/Model.php(808): DboSource->query('latest', Array, Object(AppModel))
#5 /var/www/app/Controller/AppController.php(30): Model->__call('latest', Array)
#6 /var/www/app/Controller/AppController.php(30): AppModel->latest()
#7 [internal function]: AppController->index()
#8 /var/www/lib/Cake/Controller/Controller.php(490): ReflectionMethod->invokeArgs(Object(AppController), Array)
#9 /var/www/lib/Cake/Routing/Dispatcher.php(193): Controller->invokeAction(Object(CakeRequest))
#10 /var/www/lib/Cake/Routing/Dispatcher.php(167): Dispatcher->_invoke(Object(AppController), Object(CakeRequest))
#11 /var/www/app/webroot/index.php(108): Dispatcher->dispatch(Object(CakeRequest), Object(CakeResponse))
#12 {main}
2014-12-07 18:53:46 Error: [PDOException] SQLSTATE[42000]: Syntax error or access violation: 1064 You have an error in your SQL syntax; check the manual that corresponds to your MySQL server version for the right syntax to use near 'latest' at line 1
Request URL: /
Stack Trace:
#0 /var/www/lib/Cake/Model/Datasource/DboSource.php(458): PDOStatement->execute(Array)
#1 /var/www/lib/Cake/Model/Datasource/DboSource.php(424): DboSource->_execute('latest', Array)
#2 /var/www/lib/Cake/Model/Datasource/DboSource.php(666): DboSource->execute('latest', Array, Array)
#3 /var/www/lib/Cake/Model/Datasource/DboSource.php(609): DboSource->fetchAll('latest', Array, Array)
#4 /var/www/lib/Cake/Model/Model.php(808): DboSource->query('latest', Array, Object(AppModel))
#5 /var/www/app/Controller/AppController.php(30): Model->__call('latest', Array)
#6 /var/www/app/Controller/AppController.php(30): AppModel->latest()
#7 [internal function]: AppController->index()
#8 /var/www/lib/Cake/Controller/Controller.php(490): ReflectionMethod->invokeArgs(Object(AppController), Array)
#9 /var/www/lib/Cake/Routing/Dispatcher.php(193): Controller->invokeAction(Object(CakeRequest))
#10 /var/www/lib/Cake/Routing/Dispatcher.php(167): Dispatcher->_invoke(Object(AppController), Object(CakeRequest))
#11 /var/www/app/webroot/index.php(108): Dispatcher->dispatch(Object(CakeRequest), Object(CakeResponse))
#12 {main}
2014-12-07 18:54:32 Error: [MissingControllerException] Controller class UpdateDataController could not be found.
Exception Attributes: array (
  'class' => 'UpdateDataController',
  'plugin' => NULL,
)
Request URL: /update_data/temperature
Stack Trace:
#0 /var/www/app/webroot/index.php(108): Dispatcher->dispatch(Object(CakeRequest), Object(CakeResponse))
#1 {main}
2014-12-07 18:56:13 Error: [NotImplementedException] Model 'Temperaturee' does not exist
Request URL: /app/update_data/temperaturee
Stack Trace:
#0 [internal function]: AppController->update_data('temperaturee')
#1 /var/www/lib/Cake/Controller/Controller.php(490): ReflectionMethod->invokeArgs(Object(AppController), Array)
#2 /var/www/lib/Cake/Routing/Dispatcher.php(193): Controller->invokeAction(Object(CakeRequest))
#3 /var/www/lib/Cake/Routing/Dispatcher.php(167): Dispatcher->_invoke(Object(AppController), Object(CakeRequest))
#4 /var/www/app/webroot/index.php(108): Dispatcher->dispatch(Object(CakeRequest), Object(CakeResponse))
#5 {main}
2014-12-07 18:56:25 Error: [NotImplementedException] Model 'Temperaturee' does not exist
Request URL: /app/update_data/temperaturee
Stack Trace:
#0 [internal function]: AppController->update_data('temperaturee')
#1 /var/www/lib/Cake/Controller/Controller.php(490): ReflectionMethod->invokeArgs(Object(AppController), Array)
#2 /var/www/lib/Cake/Routing/Dispatcher.php(193): Controller->invokeAction(Object(CakeRequest))
#3 /var/www/lib/Cake/Routing/Dispatcher.php(167): Dispatcher->_invoke(Object(AppController), Object(CakeRequest))
#4 /var/www/app/webroot/index.php(108): Dispatcher->dispatch(Object(CakeRequest), Object(CakeResponse))
#5 {main}
2014-12-07 18:59:25 Error: Fatal Error (4): syntax error, unexpected '::' (T_PAAMAYIM_NEKUDOTAYIM) in [/var/www/app/Controller/AppController.php, line 47]
2014-12-07 18:59:25 Error: [FatalErrorException] syntax error, unexpected '::' (T_PAAMAYIM_NEKUDOTAYIM)
Request URL: /app/update_data/temperature
Stack Trace:
#0 /var/www/lib/Cake/Error/ErrorHandler.php(203): ErrorHandler::handleFatalError(4, 'syntax error, u...', '/var/www/app/Co...', 47)
#1 [internal function]: ErrorHandler::handleError(4, 'syntax error, u...', '/var/www/app/Co...', 47, Array)
#2 /var/www/lib/Cake/Core/App.php(931): call_user_func('ErrorHandler::h...', 4, 'syntax error, u...', '/var/www/app/Co...', 47, Array)
#3 /var/www/lib/Cake/Core/App.php(904): App::_checkFatalError()
#4 [internal function]: App::shutdown()
#5 {main}
2014-12-07 19:05:53 Error: [NotImplementedException] Model '' does not exist
Request URL: /app/update_data/temperaturea
Stack Trace:
#0 [internal function]: AppController->update_data('temperaturea')
#1 /var/www/lib/Cake/Controller/Controller.php(490): ReflectionMethod->invokeArgs(Object(AppController), Array)
#2 /var/www/lib/Cake/Routing/Dispatcher.php(193): Controller->invokeAction(Object(CakeRequest))
#3 /var/www/lib/Cake/Routing/Dispatcher.php(167): Dispatcher->_invoke(Object(AppController), Object(CakeRequest))
#4 /var/www/app/webroot/index.php(108): Dispatcher->dispatch(Object(CakeRequest), Object(CakeResponse))
#5 {main}
2014-12-07 19:06:13 Error: [NotImplementedException] Model 'Temperaturea' does not exist
Request URL: /app/update_data/temperaturea
Stack Trace:
#0 [internal function]: AppController->update_data('temperaturea')
#1 /var/www/lib/Cake/Controller/Controller.php(490): ReflectionMethod->invokeArgs(Object(AppController), Array)
#2 /var/www/lib/Cake/Routing/Dispatcher.php(193): Controller->invokeAction(Object(CakeRequest))
#3 /var/www/lib/Cake/Routing/Dispatcher.php(167): Dispatcher->_invoke(Object(AppController), Object(CakeRequest))
#4 /var/www/app/webroot/index.php(108): Dispatcher->dispatch(Object(CakeRequest), Object(CakeResponse))
#5 {main}
2014-12-07 19:07:20 Error: [NotImplementedException] Model 'Temperature' does not have an update method
Request URL: /app/update_data/temperature
Stack Trace:
#0 [internal function]: AppController->update_data('temperature')
#1 /var/www/lib/Cake/Controller/Controller.php(490): ReflectionMethod->invokeArgs(Object(AppController), Array)
#2 /var/www/lib/Cake/Routing/Dispatcher.php(193): Controller->invokeAction(Object(CakeRequest))
#3 /var/www/lib/Cake/Routing/Dispatcher.php(167): Dispatcher->_invoke(Object(AppController), Object(CakeRequest))
#4 /var/www/app/webroot/index.php(108): Dispatcher->dispatch(Object(CakeRequest), Object(CakeResponse))
#5 {main}
2014-12-07 19:07:45 Error: Fatal Error (4): syntax error, unexpected end of file, expecting function (T_FUNCTION) in [/var/www/app/Model/SeaLevel.php, line 13]
2014-12-07 19:07:45 Error: [FatalErrorException] syntax error, unexpected end of file, expecting function (T_FUNCTION)
Request URL: /app/update_data/sea_level
Stack Trace:
#0 /var/www/lib/Cake/Error/ErrorHandler.php(203): ErrorHandler::handleFatalError(4, 'syntax error, u...', '/var/www/app/Mo...', 13)
#1 [internal function]: ErrorHandler::handleError(4, 'syntax error, u...', '/var/www/app/Mo...', 13, Array)
#2 /var/www/lib/Cake/Core/App.php(931): call_user_func('ErrorHandler::h...', 4, 'syntax error, u...', '/var/www/app/Mo...', 13, Array)
#3 /var/www/lib/Cake/Core/App.php(904): App::_checkFatalError()
#4 [internal function]: App::shutdown()
#5 {main}
2014-12-07 19:07:57 Error: Fatal Error (1): Call to a member function update() on a non-object in [/var/www/app/Controller/AppController.php, line 53]
2014-12-07 19:07:57 Error: [FatalErrorException] Call to a member function update() on a non-object
Request URL: /app/update_data/sea_level
Stack Trace:
#0 /var/www/lib/Cake/Error/ErrorHandler.php(203): ErrorHandler::handleFatalError(1, 'Call to a membe...', '/var/www/app/Co...', 53)
#1 [internal function]: ErrorHandler::handleError(1, 'Call to a membe...', '/var/www/app/Co...', 53, Array)
#2 /var/www/lib/Cake/Core/App.php(931): call_user_func('ErrorHandler::h...', 1, 'Call to a membe...', '/var/www/app/Co...', 53, Array)
#3 /var/www/lib/Cake/Core/App.php(904): App::_checkFatalError()
#4 [internal function]: App::shutdown()
#5 {main}
2014-12-07 19:08:10 Error: Fatal Error (1): Call to undefined function fileGetContents() in [/var/www/app/Model/SeaLevel.php, line 10]
2014-12-07 19:08:10 Error: [FatalErrorException] Call to undefined function fileGetContents()
Request URL: /app/update_data/sea_level
Stack Trace:
#0 /var/www/lib/Cake/Error/ErrorHandler.php(203): ErrorHandler::handleFatalError(1, 'Call to undefin...', '/var/www/app/Mo...', 10)
#1 [internal function]: ErrorHandler::handleError(1, 'Call to undefin...', '/var/www/app/Mo...', 10, Array)
#2 /var/www/lib/Cake/Core/App.php(931): call_user_func('ErrorHandler::h...', 1, 'Call to undefin...', '/var/www/app/Mo...', 10, Array)
#3 /var/www/lib/Cake/Core/App.php(904): App::_checkFatalError()
#4 [internal function]: App::shutdown()
#5 {main}
2014-12-07 19:14:28 Error: [InternalErrorException] Unable to write data file
Request URL: /app/update_data/sea_level
Stack Trace:
#0 /var/www/app/Controller/AppController.php(53): SeaLevel->update()
#1 [internal function]: AppController->update_data('sea_level')
#2 /var/www/lib/Cake/Controller/Controller.php(490): ReflectionMethod->invokeArgs(Object(AppController), Array)
#3 /var/www/lib/Cake/Routing/Dispatcher.php(193): Controller->invokeAction(Object(CakeRequest))
#4 /var/www/lib/Cake/Routing/Dispatcher.php(167): Dispatcher->_invoke(Object(AppController), Object(CakeRequest))
#5 /var/www/app/webroot/index.php(108): Dispatcher->dispatch(Object(CakeRequest), Object(CakeResponse))
#6 {main}
2014-12-07 19:28:52 Error: [MissingTableException] Table sea_levels for model SeaLevel was not found in datasource default.
Exception Attributes: array (
  'table' => 'sea_levels',
  'class' => 'SeaLevel',
  'ds' => 'default',
)
Request URL: /app/update_data/sea_level
Stack Trace:
#0 /var/www/lib/Cake/Model/Model.php(3573): Model->setSource('sea_levels')
#1 /var/www/lib/Cake/Model/Model.php(3071): Model->getDataSource()
#2 /var/www/lib/Cake/Model/Model.php(2984): Model->_findCount('before', Array)
#3 /var/www/lib/Cake/Model/Model.php(2918): Model->buildQuery('count', Array)
#4 /var/www/app/Model/SeaLevel.php(31): Model->find('count')
#5 /var/www/app/Controller/AppController.php(53): SeaLevel->update()
#6 [internal function]: AppController->update_data('sea_level')
#7 /var/www/lib/Cake/Controller/Controller.php(490): ReflectionMethod->invokeArgs(Object(AppController), Array)
#8 /var/www/lib/Cake/Routing/Dispatcher.php(193): Controller->invokeAction(Object(CakeRequest))
#9 /var/www/lib/Cake/Routing/Dispatcher.php(167): Dispatcher->_invoke(Object(AppController), Object(CakeRequest))
#10 /var/www/app/webroot/index.php(108): Dispatcher->dispatch(Object(CakeRequest), Object(CakeResponse))
#11 {main}
2014-12-07 19:29:12 Error: [MissingTableException] Table sea_levels for model SeaLevel was not found in datasource default.
Exception Attributes: array (
  'table' => 'sea_levels',
  'class' => 'SeaLevel',
  'ds' => 'default',
)
Request URL: /app/update_data/sea_level
Stack Trace:
#0 /var/www/lib/Cake/Model/Model.php(3573): Model->setSource('sea_levels')
#1 /var/www/lib/Cake/Model/Model.php(3071): Model->getDataSource()
#2 /var/www/lib/Cake/Model/Model.php(2984): Model->_findCount('before', Array)
#3 /var/www/lib/Cake/Model/Model.php(2918): Model->buildQuery('count', Array)
#4 /var/www/app/Model/SeaLevel.php(33): Model->find('count')
#5 /var/www/app/Controller/AppController.php(53): SeaLevel->update()
#6 [internal function]: AppController->update_data('sea_level')
#7 /var/www/lib/Cake/Controller/Controller.php(490): ReflectionMethod->invokeArgs(Object(AppController), Array)
#8 /var/www/lib/Cake/Routing/Dispatcher.php(193): Controller->invokeAction(Object(CakeRequest))
#9 /var/www/lib/Cake/Routing/Dispatcher.php(167): Dispatcher->_invoke(Object(AppController), Object(CakeRequest))
#10 /var/www/app/webroot/index.php(108): Dispatcher->dispatch(Object(CakeRequest), Object(CakeResponse))
#11 {main}
2014-12-07 19:31:33 Error: [PDOException] SQLSTATE[42000]: Syntax error or access violation: 1064 You have an error in your SQL syntax; check the manual that corresponds to your MySQL server version for the right syntax to use near 'affectedRows' at line 1
Request URL: /app/update_data/sea_level
Stack Trace:
#0 /var/www/lib/Cake/Model/Datasource/DboSource.php(458): PDOStatement->execute(Array)
#1 /var/www/lib/Cake/Model/Datasource/DboSource.php(424): DboSource->_execute('affectedRows', Array)
#2 /var/www/lib/Cake/Model/Datasource/DboSource.php(666): DboSource->execute('affectedRows', Array, Array)
#3 /var/www/lib/Cake/Model/Datasource/DboSource.php(609): DboSource->fetchAll('affectedRows', Array, Array)
#4 /var/www/lib/Cake/Model/Model.php(808): DboSource->query('affectedRows', Array, Object(SeaLevel))
#5 /var/www/app/Model/SeaLevel.php(37): Model->__call('affectedRows', Array)
#6 /var/www/app/Model/SeaLevel.php(37): SeaLevel->affectedRows()
#7 /var/www/app/Controller/AppController.php(53): SeaLevel->update()
#8 [internal function]: AppController->update_data('sea_level')
#9 /var/www/lib/Cake/Controller/Controller.php(490): ReflectionMethod->invokeArgs(Object(AppController), Array)
#10 /var/www/lib/Cake/Routing/Dispatcher.php(193): Controller->invokeAction(Object(CakeRequest))
#11 /var/www/lib/Cake/Routing/Dispatcher.php(167): Dispatcher->_invoke(Object(AppController), Object(CakeRequest))
#12 /var/www/app/webroot/index.php(108): Dispatcher->dispatch(Object(CakeRequest), Object(CakeResponse))
#13 {main}
2014-12-07 19:32:54 Error: [PDOException] SQLSTATE[42000]: Syntax error or access violation: 1064 You have an error in your SQL syntax; check the manual that corresponds to your MySQL server version for the right syntax to use near 'get' at line 1
Request URL: /
Stack Trace:
#0 /var/www/lib/Cake/Model/Datasource/DboSource.php(458): PDOStatement->execute(Array)
#1 /var/www/lib/Cake/Model/Datasource/DboSource.php(424): DboSource->_execute('get', Array)
#2 /var/www/lib/Cake/Model/Datasource/DboSource.php(666): DboSource->execute('get', Array, Array)
#3 /var/www/lib/Cake/Model/Datasource/DboSource.php(609): DboSource->fetchAll('get', Array, Array)
#4 /var/www/lib/Cake/Model/Model.php(808): DboSource->query('get', Array, Object(Temperature))
#5 /var/www/app/Controller/AppController.php(30): Model->__call('get', Array)
#6 /var/www/app/Controller/AppController.php(30): Temperature->get()
#7 [internal function]: AppController->index()
#8 /var/www/lib/Cake/Controller/Controller.php(490): ReflectionMethod->invokeArgs(Object(AppController), Array)
#9 /var/www/lib/Cake/Routing/Dispatcher.php(193): Controller->invokeAction(Object(CakeRequest))
#10 /var/www/lib/Cake/Routing/Dispatcher.php(167): Dispatcher->_invoke(Object(AppController), Object(CakeRequest))
#11 /var/www/app/webroot/index.php(108): Dispatcher->dispatch(Object(CakeRequest), Object(CakeResponse))
#12 {main}
2014-12-07 19:33:06 Error: [PDOException] SQLSTATE[42000]: Syntax error or access violation: 1064 You have an error in your SQL syntax; check the manual that corresponds to your MySQL server version for the right syntax to use near '' at line 1
Request URL: /
Stack Trace:
#0 /var/www/lib/Cake/Model/Datasource/DboSource.php(458): PDOStatement->execute(Array)
#1 /var/www/lib/Cake/Model/Datasource/DboSource.php(424): DboSource->_execute('load', Array)
#2 /var/www/lib/Cake/Model/Datasource/DboSource.php(666): DboSource->execute('load', Array, Array)
#3 /var/www/lib/Cake/Model/Datasource/DboSource.php(609): DboSource->fetchAll('load', Array, Array)
#4 /var/www/lib/Cake/Model/Model.php(808): DboSource->query('load', Array, Object(Temperature))
#5 /var/www/app/Controller/AppController.php(30): Model->__call('load', Array)
#6 /var/www/app/Controller/AppController.php(30): Temperature->load()
#7 [internal function]: AppController->index()
#8 /var/www/lib/Cake/Controller/Controller.php(490): ReflectionMethod->invokeArgs(Object(AppController), Array)
#9 /var/www/lib/Cake/Routing/Dispatcher.php(193): Controller->invokeAction(Object(CakeRequest))
#10 /var/www/lib/Cake/Routing/Dispatcher.php(167): Dispatcher->_invoke(Object(AppController), Object(CakeRequest))
#11 /var/www/app/webroot/index.php(108): Dispatcher->dispatch(Object(CakeRequest), Object(CakeResponse))
#12 {main}
2014-12-07 19:33:09 Error: [PDOException] SQLSTATE[42000]: Syntax error or access violation: 1064 You have an error in your SQL syntax; check the manual that corresponds to your MySQL server version for the right syntax to use near 'loada' at line 1
Request URL: /
Stack Trace:
#0 /var/www/lib/Cake/Model/Datasource/DboSource.php(458): PDOStatement->execute(Array)
#1 /var/www/lib/Cake/Model/Datasource/DboSource.php(424): DboSource->_execute('loada', Array)
#2 /var/www/lib/Cake/Model/Datasource/DboSource.php(666): DboSource->execute('loada', Array, Array)
#3 /var/www/lib/Cake/Model/Datasource/DboSource.php(609): DboSource->fetchAll('loada', Array, Array)
#4 /var/www/lib/Cake/Model/Model.php(808): DboSource->query('loada', Array, Object(Temperature))
#5 /var/www/app/Controller/AppController.php(30): Model->__call('loada', Array)
#6 /var/www/app/Controller/AppController.php(30): Temperature->loada()
#7 [internal function]: AppController->index()
#8 /var/www/lib/Cake/Controller/Controller.php(490): ReflectionMethod->invokeArgs(Object(AppController), Array)
#9 /var/www/lib/Cake/Routing/Dispatcher.php(193): Controller->invokeAction(Object(CakeRequest))
#10 /var/www/lib/Cake/Routing/Dispatcher.php(167): Dispatcher->_invoke(Object(AppController), Object(CakeRequest))
#11 /var/www/app/webroot/index.php(108): Dispatcher->dispatch(Object(CakeRequest), Object(CakeResponse))
#12 {main}
2014-12-07 20:03:09 Error: Fatal Error (4): syntax error, unexpected 'if' (T_IF) in [/var/www/app/Model/SeaLevel.php, line 26]
2014-12-07 20:03:09 Error: [FatalErrorException] syntax error, unexpected 'if' (T_IF)
Request URL: /app/update_data/sea_level
Stack Trace:
#0 /var/www/lib/Cake/Error/ErrorHandler.php(203): ErrorHandler::handleFatalError(4, 'syntax error, u...', '/var/www/app/Mo...', 26)
#1 [internal function]: ErrorHandler::handleError(4, 'syntax error, u...', '/var/www/app/Mo...', 26, Array)
#2 /var/www/lib/Cake/Core/App.php(931): call_user_func('ErrorHandler::h...', 4, 'syntax error, u...', '/var/www/app/Mo...', 26, Array)
#3 /var/www/lib/Cake/Core/App.php(904): App::_checkFatalError()
#4 [internal function]: App::shutdown()
#5 {main}
2014-12-07 20:16:49 Error: [NotImplementedException] This data must be manually entered
Request URL: /app/update_data/sea_level
Stack Trace:
#0 /var/www/app/Controller/AppController.php(49): SeaLevel->update()
#1 [internal function]: AppController->update_data('sea_level')
#2 /var/www/lib/Cake/Controller/Controller.php(490): ReflectionMethod->invokeArgs(Object(AppController), Array)
#3 /var/www/lib/Cake/Routing/Dispatcher.php(193): Controller->invokeAction(Object(CakeRequest))
#4 /var/www/lib/Cake/Routing/Dispatcher.php(167): Dispatcher->_invoke(Object(AppController), Object(CakeRequest))
#5 /var/www/app/webroot/index.php(108): Dispatcher->dispatch(Object(CakeRequest), Object(CakeResponse))
#6 {main}
2014-12-07 20:16:52 Error: Fatal Error (1): Call to a member function load() on a non-object in [/var/www/app/Controller/AppController.php, line 32]
2014-12-07 20:16:52 Error: [FatalErrorException] Call to a member function load() on a non-object
Request URL: /
Stack Trace:
#0 /var/www/lib/Cake/Error/ErrorHandler.php(203): ErrorHandler::handleFatalError(1, 'Call to a membe...', '/var/www/app/Co...', 32)
#1 [internal function]: ErrorHandler::handleError(1, 'Call to a membe...', '/var/www/app/Co...', 32, Array)
#2 /var/www/lib/Cake/Core/App.php(931): call_user_func('ErrorHandler::h...', 1, 'Call to a membe...', '/var/www/app/Co...', 32, Array)
#3 /var/www/lib/Cake/Core/App.php(904): App::_checkFatalError()
#4 [internal function]: App::shutdown()
#5 {main}
2014-12-07 20:17:00 Error: [PDOException] SQLSTATE[42000]: Syntax error or access violation: 1064 You have an error in your SQL syntax; check the manual that corresponds to your MySQL server version for the right syntax to use near 'DESC    LIMIT 1' at line 1
Request URL: /
Stack Trace:
#0 /var/www/lib/Cake/Model/Datasource/DboSource.php(458): PDOStatement->execute(Array)
#1 /var/www/lib/Cake/Model/Datasource/DboSource.php(424): DboSource->_execute('SELECT `SeaLeve...', Array)
#2 /var/www/lib/Cake/Model/Datasource/DboSource.php(666): DboSource->execute('SELECT `SeaLeve...', Array, Array)
#3 /var/www/lib/Cake/Model/Datasource/DboSource.php(1106): DboSource->fetchAll('SELECT `SeaLeve...', false)
#4 /var/www/lib/Cake/Model/Model.php(2951): DboSource->read(Object(SeaLevel), Array)
#5 /var/www/lib/Cake/Model/Model.php(2923): Model->_readDataSource('first', Array)
#6 /var/www/lib/Cake/Model/Model.php(1637): Model->find('first', Array)
#7 /var/www/app/Model/SeaLevel.php(48): Model->field('mm_per_year', Array)
#8 /var/www/app/Controller/AppController.php(32): SeaLevel->load()
#9 [internal function]: AppController->index()
#10 /var/www/lib/Cake/Controller/Controller.php(490): ReflectionMethod->invokeArgs(Object(AppController), Array)
#11 /var/www/lib/Cake/Routing/Dispatcher.php(193): Controller->invokeAction(Object(CakeRequest))
#12 /var/www/lib/Cake/Routing/Dispatcher.php(167): Dispatcher->_invoke(Object(AppController), Object(CakeRequest))
#13 /var/www/app/webroot/index.php(108): Dispatcher->dispatch(Object(CakeRequest), Object(CakeResponse))
#14 {main}
2014-12-07 23:58:42 Error: Fatal Error (4): syntax error, unexpected '=>' (T_DOUBLE_ARROW) in [/var/www/app/Model/Co2.php, line 21]
2014-12-07 23:58:42 Error: [FatalErrorException] syntax error, unexpected '=>' (T_DOUBLE_ARROW)
Request URL: /
Stack Trace:
#0 /var/www/lib/Cake/Error/ErrorHandler.php(203): ErrorHandler::handleFatalError(4, 'syntax error, u...', '/var/www/app/Mo...', 21)
#1 [internal function]: ErrorHandler::handleError(4, 'syntax error, u...', '/var/www/app/Mo...', 21, Array)
#2 /var/www/lib/Cake/Core/App.php(931): call_user_func('ErrorHandler::h...', 4, 'syntax error, u...', '/var/www/app/Mo...', 21, Array)
#3 /var/www/lib/Cake/Core/App.php(904): App::_checkFatalError()
#4 [internal function]: App::shutdown()
#5 {main}
